<?xml version="1.0" encoding="UTF-8"?>
<testng-results ignored="0" total="1" passed="1" failed="0" skipped="0">
  <reporter-output>
  </reporter-output>
  <suite started-at="2026-07-08T14:43:58 IST" name="Default suite" finished-at="2026-07-08T14:44:04 IST" duration-ms="5349">
    <groups>
    </groups>
    <test started-at="2026-07-08T14:43:58 IST" name="Default test" finished-at="2026-07-08T14:44:04 IST" duration-ms="5349">
      <class name="signUp.signUp">
        <test-method is-config="true" signature="setupSignup()[pri:0, instance:signUp.signUp@4550bb58]" started-at="2026-07-08T14:43:58 IST" name="setupSignup" finished-at="2026-07-08T14:44:02 IST" duration-ms="3837" status="PASS">
          <reporter-output>
          </reporter-output>
        </test-method> <!-- setupSignup -->
        <test-method signature="testSequentialFieldValidation()[pri:5, instance:signUp.signUp@4550bb58]" started-at="2026-07-08T14:44:02 IST" name="testSequentialFieldValidation" description="Verify sequential field validations for all form fields." finished-at="2026-07-08T14:44:04 IST" duration-ms="1336" status="PASS">
          <reporter-output>
          </reporter-output>
        </test-method> <!-- testSequentialFieldValidation -->
        <test-method is-config="true" signature="aftrcls()[pri:0, instance:signUp.signUp@4550bb58]" started-at="2026-07-08T14:44:04 IST" name="aftrcls" finished-at="2026-07-08T14:44:04 IST" duration-ms="133" status="PASS">
          <reporter-output>
          </reporter-output>
        </test-method> <!-- aftrcls -->
      </class> <!-- signUp.signUp -->
    </test> <!-- Default test -->
  </suite> <!-- Default suite -->
</testng-results>
