<?xml version="1.0" encoding="UTF-8"?>
<testng-results ignored="0" total="1" passed="1" failed="0" skipped="0">
  <reporter-output>
  </reporter-output>
  <suite started-at="2026-07-08T11:52:24 IST" name="Default suite" finished-at="2026-07-08T11:52:27 IST" duration-ms="3022">
    <groups>
    </groups>
    <test started-at="2026-07-08T11:52:24 IST" name="Default test" finished-at="2026-07-08T11:52:27 IST" duration-ms="3022">
      <class name="signUp.signUp">
        <test-method is-config="true" signature="setupSignup()[pri:0, instance:signUp.signUp@1b7cc17c]" started-at="2026-07-08T11:52:24 IST" name="setupSignup" finished-at="2026-07-08T11:52:26 IST" duration-ms="2588" status="PASS">
          <reporter-output>
          </reporter-output>
        </test-method> <!-- setupSignup -->
        <test-method signature="case1()[pri:1, instance:signUp.signUp@1b7cc17c]" started-at="2026-07-08T11:52:26 IST" name="case1" finished-at="2026-07-08T11:52:27 IST" duration-ms="260" status="PASS">
          <reporter-output>
          </reporter-output>
        </test-method> <!-- case1 -->
        <test-method is-config="true" signature="aftrcls()[pri:0, instance:signUp.signUp@1b7cc17c]" started-at="2026-07-08T11:52:27 IST" name="aftrcls" finished-at="2026-07-08T11:52:27 IST" duration-ms="122" status="PASS">
          <reporter-output>
          </reporter-output>
        </test-method> <!-- aftrcls -->
      </class> <!-- signUp.signUp -->
    </test> <!-- Default test -->
  </suite> <!-- Default suite -->
</testng-results>
